<?xml version="1.0" encoding="UTF-8"?>
<!-- Generated by org.testng.reporters.JUnitReportReporter -->
<testsuite hostname="AnshulTester" failures="0" tests="1" name="velvetresidences.TestCases.TC_Uploadprofilepic_009" time="25.020" errors="0" timestamp="2024-11-12T15:13:44 IST" skipped="0">
  <testcase classname="velvetresidences.TestCases.TC_Uploadprofilepic_009" name="uploadprofilepic" time="25.020"/>
</testsuite> <!-- velvetresidences.TestCases.TC_Uploadprofilepic_009 -->
