<?xml version="1.0" encoding="UTF-8"?>
<!-- Generated by org.testng.reporters.JUnitReportReporter -->
<testsuite hostname="AnshulTester" failures="0" tests="1" name="velvetresidences.TestCases.TC_AddListing_010" time="56.138" errors="0" timestamp="2024-11-22T15:41:54 IST" skipped="0">
  <testcase classname="velvetresidences.TestCases.TC_AddListing_010" name="verifyListing" time="56.138"/>
</testsuite> <!-- velvetresidences.TestCases.TC_AddListing_010 -->
